[debug] [2022-03-03T21:16:36.382Z] ----------------------------------------------------------------------
[debug] [2022-03-03T21:16:36.384Z] Command:       C:\Program Files\nodejs\node.exe C:\Users\Stephen\AppData\Roaming\npm\node_modules\firebase-tools\lib\bin\firebase.js emulators:start
[debug] [2022-03-03T21:16:36.385Z] CLI Version:   10.2.1
[debug] [2022-03-03T21:16:36.385Z] Platform:      win32
[debug] [2022-03-03T21:16:36.385Z] Node Version:  v16.13.1
[debug] [2022-03-03T21:16:36.386Z] Time:          Thu Mar 03 2022 16:16:36 GMT-0500 (Eastern Standard Time)
[debug] [2022-03-03T21:16:36.386Z] ----------------------------------------------------------------------
[debug] 
[debug] [2022-03-03T21:16:36.472Z] > command requires scopes: ["email","openid","https://www.googleapis.com/auth/cloudplatformprojects.readonly","https://www.googleapis.com/auth/firebase","https://www.googleapis.com/auth/cloud-platform"]
[debug] [2022-03-03T21:16:36.472Z] > authorizing via signed-in user (smuharsk@gmail.com)
[info] i  emulators: Starting emulators: functions, hosting {"metadata":{"emulator":{"name":"hub"},"message":"Starting emulators: functions, hosting"}}
[debug] [2022-03-03T21:16:36.514Z] [hub] writing locator at C:\Users\Stephen\AppData\Local\Temp\hub-clone-57593.json
[warn] !  functions: The following emulators are not running, calls to these services from the Functions emulator will affect production: auth, firestore, database, pubsub, storage {"metadata":{"emulator":{"name":"functions"},"message":"The following emulators are not running, calls to these services from the Functions emulator will affect production: \u001b[1mauth, firestore, database, pubsub, storage\u001b[22m"}}
[info] +  functions: Using node@16 from host. {"metadata":{"emulator":{"name":"functions"},"message":"Using node@16 from host."}}
[debug] [2022-03-03T21:16:36.556Z] defaultcredentials: writing to file C:\Users\Stephen\AppData\Roaming\firebase\smuharsk_gmail_com_application_default_credentials.json
[debug] [2022-03-03T21:16:36.558Z] Setting GAC to C:\Users\Stephen\AppData\Roaming\firebase\smuharsk_gmail_com_application_default_credentials.json {"metadata":{"emulator":{"name":"functions"},"message":"Setting GAC to C:\\Users\\Stephen\\AppData\\Roaming\\firebase\\smuharsk_gmail_com_application_default_credentials.json"}}
[debug] [2022-03-03T21:16:36.562Z] >>> [apiv2][query] GET https://firebase.googleapis.com/v1beta1/projects/clone-57593/adminSdkConfig [none]
[debug] [2022-03-03T21:16:37.149Z] <<< [apiv2][status] GET https://firebase.googleapis.com/v1beta1/projects/clone-57593/adminSdkConfig 200
[debug] [2022-03-03T21:16:37.149Z] <<< [apiv2][body] GET https://firebase.googleapis.com/v1beta1/projects/clone-57593/adminSdkConfig {"projectId":"clone-57593","storageBucket":"clone-57593.appspot.com"}
[debug] [2022-03-03T21:16:37.185Z] >>> [apiv2][query] GET https://firebasehosting.googleapis.com/v1beta1/projects/clone-57593/sites 
[debug] [2022-03-03T21:16:37.701Z] <<< [apiv2][status] GET https://firebasehosting.googleapis.com/v1beta1/projects/clone-57593/sites 200
[debug] [2022-03-03T21:16:37.701Z] <<< [apiv2][body] GET https://firebasehosting.googleapis.com/v1beta1/projects/clone-57593/sites {"sites":[{"name":"projects/881719108422/sites/clone-57593","defaultUrl":"https://clone-57593.web.app","appId":"1:881719108422:web:991fffe62957061584fb47","type":"DEFAULT_SITE"}]}
[debug] [2022-03-03T21:16:37.701Z] >>> [apiv2][query] GET https://firebase.googleapis.com/v1beta1/projects/clone-57593/webApps/1:881719108422:web:991fffe62957061584fb47/config [none]
[debug] [2022-03-03T21:16:38.284Z] <<< [apiv2][status] GET https://firebase.googleapis.com/v1beta1/projects/clone-57593/webApps/1:881719108422:web:991fffe62957061584fb47/config 200
[debug] [2022-03-03T21:16:38.285Z] <<< [apiv2][body] GET https://firebase.googleapis.com/v1beta1/projects/clone-57593/webApps/1:881719108422:web:991fffe62957061584fb47/config {"projectId":"clone-57593","appId":"1:881719108422:web:991fffe62957061584fb47","storageBucket":"clone-57593.appspot.com","apiKey":"AIzaSyAA7zfT5wT7YHuG9UPv-AgYcGzw1taChcw","authDomain":"clone-57593.firebaseapp.com","messagingSenderId":"881719108422"}
[info] i  hosting: Serving hosting files from: build {"metadata":{"emulator":{"name":"hosting"},"message":"Serving hosting files from: \u001b[1mbuild\u001b[22m"}}
[info] +  hosting: Local server: http://localhost:5000 {"metadata":{"emulator":{"name":"hosting"},"message":"Local server: \u001b[4m\u001b[1mhttp://localhost:5000\u001b[22m\u001b[24m"}}
[info] i  ui: downloading ui-v1.6.5.zip... {"metadata":{"emulator":{"name":"ui"},"message":"downloading ui-v1.6.5.zip..."}}
[debug] [2022-03-03T21:16:38.632Z] >>> [apiv2][query] GET https://storage.googleapis.com/firebase-preview-drop/emulator/ui-v1.6.5.zip 
[debug] [2022-03-03T21:16:39.026Z] <<< [apiv2][status] GET https://storage.googleapis.com/firebase-preview-drop/emulator/ui-v1.6.5.zip 200
[debug] [2022-03-03T21:16:39.027Z] <<< [apiv2][body] GET https://storage.googleapis.com/firebase-preview-drop/emulator/ui-v1.6.5.zip [stream]
[debug] [2022-03-03T21:16:41.517Z] Ignoring unsupported arg: auto_download {"metadata":{"emulator":{"name":"ui"},"message":"Ignoring unsupported arg: auto_download"}}
[debug] [2022-03-03T21:16:41.517Z] Ignoring unsupported arg: port {"metadata":{"emulator":{"name":"ui"},"message":"Ignoring unsupported arg: port"}}
[debug] [2022-03-03T21:16:41.517Z] Starting Emulator UI with command {"binary":"node","args":["C:\\Users\\Stephen\\.cache\\firebase\\emulators\\ui-v1.6.5\\server.bundle.js"],"optionalArgs":[],"joinArgs":false} {"metadata":{"emulator":{"name":"ui"},"message":"Starting Emulator UI with command {\"binary\":\"node\",\"args\":[\"C:\\\\Users\\\\Stephen\\\\.cache\\\\firebase\\\\emulators\\\\ui-v1.6.5\\\\server.bundle.js\"],\"optionalArgs\":[],\"joinArgs\":false}"}}
[info] i  ui: Emulator UI logging to ui-debug.log {"metadata":{"emulator":{"name":"ui"},"message":"Emulator UI logging to \u001b[1mui-debug.log\u001b[22m"}}
[debug] [2022-03-03T21:16:41.667Z] Web / API server started at localhost:4000
 {"metadata":{"emulator":{"name":"ui"},"message":"Web / API server started at localhost:4000\n"}}
[info] i  functions: Watching "C:\Users\Stephen\WebstormProjects\amazon-clone\functions" for Cloud Functions... {"metadata":{"emulator":{"name":"functions"},"message":"Watching \"C:\\Users\\Stephen\\WebstormProjects\\amazon-clone\\functions\" for Cloud Functions..."}}
[debug] [2022-03-03T21:16:41.792Z] Validating nodejs source
[debug] [2022-03-03T21:16:45.815Z] > [functions] package.json contents: {
  "name": "functions",
  "description": "Cloud Functions for Firebase",
  "scripts": {
    "lint": "eslint .",
    "serve": "firebase emulators:start --only functions",
    "shell": "firebase functions:shell",
    "start": "npm run shell",
    "deploy": "firebase deploy --only functions",
    "logs": "firebase functions:log"
  },
  "engines": {
    "node": "16"
  },
  "main": "index.js",
  "dependencies": {
    "cors": "^2.8.5",
    "express": "^4.17.3",
    "firebase-admin": "^9.8.0",
    "firebase-functions": "^3.14.1",
    "stripe": "^8.207.0"
  },
  "devDependencies": {
    "eslint": "^7.6.0",
    "eslint-config-google": "^0.14.0",
    "firebase-functions-test": "^0.2.0"
  },
  "private": true
}
[debug] [2022-03-03T21:16:45.815Z] Building nodejs source
[debug] [2022-03-03T21:16:45.815Z] Analyzing nodejs backend spec
[info] +  functions[us-central1-api]: http function initialized (http://localhost:5001/clone-57593/us-central1/api). {"metadata":{"emulator":{"name":"functions"},"message":"\u001b[1mhttp\u001b[22m function initialized (http://localhost:5001/clone-57593/us-central1/api)."}}
[info] 
┌─────────────────────────────────────────────────────────────┐
│ ✔  All emulators ready! It is now safe to connect your app. │
│ i  View Emulator UI at http://localhost:4000                │
└─────────────────────────────────────────────────────────────┘

┌───────────┬────────────────┬─────────────────────────────────┐
│ Emulator  │ Host:Port      │ View in Emulator UI             │
├───────────┼────────────────┼─────────────────────────────────┤
│ Functions │ localhost:5001 │ http://localhost:4000/functions │
├───────────┼────────────────┼─────────────────────────────────┤
│ Hosting   │ localhost:5000 │ n/a                             │
└───────────┴────────────────┴─────────────────────────────────┘
  Emulator Hub running at localhost:4400
  Other reserved ports: 4500

Issues? Report them at https://github.com/firebase/firebase-tools/issues and attach the *-debug.log files.
 
[debug] [2022-03-03T21:19:54.974Z] [work-queue] {"queueLength":1,"workRunningCount":0}
[debug] [2022-03-03T21:19:54.975Z] [work-queue] {"queueLength":0,"workRunningCount":1}
[debug] [2022-03-03T21:19:54.976Z] Accepted request GET /clone-57593/us-central1/api --> us-central1-api
[debug] [2022-03-03T21:19:55.001Z] [worker-pool] addWorker(us-central1-api) {"metadata":{"emulator":{"name":"functions"},"message":"[worker-pool] addWorker(us-central1-api)"}}
[debug] [2022-03-03T21:19:55.002Z] [worker-pool] Adding worker with key us-central1-api, total=1 {"metadata":{"emulator":{"name":"functions"},"message":"[worker-pool] Adding worker with key us-central1-api, total=1"}}
[debug] [2022-03-03T21:19:55.002Z] [worker-pool] submitWork(triggerId=us-central1-api) {"metadata":{"emulator":{"name":"functions"},"message":"[worker-pool] submitWork(triggerId=us-central1-api)"}}
[debug] [2022-03-03T21:19:55.002Z] [worker-us-central1-api-9ac05b19-1931-41c9-8431-36e4ff1e730f]: Assigning socketPath: \\?\pipe\C:\Users\Stephen\WebstormProjects\amazon-clone\functions\9856 {"metadata":{"emulator":{"name":"functions"},"message":"[worker-us-central1-api-9ac05b19-1931-41c9-8431-36e4ff1e730f]: Assigning socketPath: \\\\?\\pipe\\C:\\Users\\Stephen\\WebstormProjects\\amazon-clone\\functions\\9856"}}
[debug] [2022-03-03T21:19:55.003Z] [worker-us-central1-api-9ac05b19-1931-41c9-8431-36e4ff1e730f]: BUSY {"metadata":{"emulator":{"name":"functions"},"message":"[worker-us-central1-api-9ac05b19-1931-41c9-8431-36e4ff1e730f]: BUSY"}}
[debug] [2022-03-03T21:19:56.682Z] [runtime-status] [9856] Functions runtime initialized. {"cwd":"C:\\Users\\Stephen\\WebstormProjects\\amazon-clone\\functions","node_version":"16.13.1"} {"metadata":{"emulator":{"name":"functions"},"function":{"name":"us-central1-api"},"message":"[runtime-status] [9856] Functions runtime initialized. {\"cwd\":\"C:\\\\Users\\\\Stephen\\\\WebstormProjects\\\\amazon-clone\\\\functions\",\"node_version\":\"16.13.1\"}"}}
[debug] [2022-03-03T21:19:56.683Z] [runtime-status] [9856] Disabled runtime features: undefined {"metadata":{"emulator":{"name":"functions"},"function":{"name":"us-central1-api"},"message":"[runtime-status] [9856] Disabled runtime features: undefined"}}
[debug] [2022-03-03T21:19:56.687Z] [runtime-status] [9856] Resolved module firebase-admin {"declared":true,"installed":true,"version":"9.12.0","resolution":"C:\\Users\\Stephen\\WebstormProjects\\amazon-clone\\functions\\node_modules\\firebase-admin\\lib\\index.js"} {"metadata":{"emulator":{"name":"functions"},"function":{"name":"us-central1-api"},"message":"[runtime-status] [9856] Resolved module firebase-admin {\"declared\":true,\"installed\":true,\"version\":\"9.12.0\",\"resolution\":\"C:\\\\Users\\\\Stephen\\\\WebstormProjects\\\\amazon-clone\\\\functions\\\\node_modules\\\\firebase-admin\\\\lib\\\\index.js\"}"}}
[debug] [2022-03-03T21:19:56.689Z] [runtime-status] [9856] Resolved module firebase-functions {"declared":true,"installed":true,"version":"3.18.1","resolution":"C:\\Users\\Stephen\\WebstormProjects\\amazon-clone\\functions\\node_modules\\firebase-functions\\lib\\index.js"} {"metadata":{"emulator":{"name":"functions"},"function":{"name":"us-central1-api"},"message":"[runtime-status] [9856] Resolved module firebase-functions {\"declared\":true,\"installed\":true,\"version\":\"3.18.1\",\"resolution\":\"C:\\\\Users\\\\Stephen\\\\WebstormProjects\\\\amazon-clone\\\\functions\\\\node_modules\\\\firebase-functions\\\\lib\\\\index.js\"}"}}
[debug] [2022-03-03T21:19:56.690Z] [runtime-status] [9856] Outgoing network have been stubbed. [{"name":"http","status":"mocked"},{"name":"http","status":"mocked"},{"name":"https","status":"mocked"},{"name":"https","status":"mocked"},{"name":"net","status":"mocked"}] {"metadata":{"emulator":{"name":"functions"},"function":{"name":"us-central1-api"},"message":"[runtime-status] [9856] Outgoing network have been stubbed. [{\"name\":\"http\",\"status\":\"mocked\"},{\"name\":\"http\",\"status\":\"mocked\"},{\"name\":\"https\",\"status\":\"mocked\"},{\"name\":\"https\",\"status\":\"mocked\"},{\"name\":\"net\",\"status\":\"mocked\"}]"}}
[debug] [2022-03-03T21:19:56.691Z] [runtime-status] [9856] Resolved module firebase-functions {"declared":true,"installed":true,"version":"3.18.1","resolution":"C:\\Users\\Stephen\\WebstormProjects\\amazon-clone\\functions\\node_modules\\firebase-functions\\lib\\index.js"} {"metadata":{"emulator":{"name":"functions"},"function":{"name":"us-central1-api"},"message":"[runtime-status] [9856] Resolved module firebase-functions {\"declared\":true,\"installed\":true,\"version\":\"3.18.1\",\"resolution\":\"C:\\\\Users\\\\Stephen\\\\WebstormProjects\\\\amazon-clone\\\\functions\\\\node_modules\\\\firebase-functions\\\\lib\\\\index.js\"}"}}
[debug] [2022-03-03T21:19:56.754Z] [runtime-status] [9856] Checked functions.config() {"config":{}} {"metadata":{"emulator":{"name":"functions"},"function":{"name":"us-central1-api"},"message":"[runtime-status] [9856] Checked functions.config() {\"config\":{}}"}}
[debug] [2022-03-03T21:19:56.755Z] [runtime-status] [9856] firebase-functions has been stubbed. {"functionsResolution":{"declared":true,"installed":true,"version":"3.18.1","resolution":"C:\\Users\\Stephen\\WebstormProjects\\amazon-clone\\functions\\node_modules\\firebase-functions\\lib\\index.js"}} {"metadata":{"emulator":{"name":"functions"},"function":{"name":"us-central1-api"},"message":"[runtime-status] [9856] firebase-functions has been stubbed. {\"functionsResolution\":{\"declared\":true,\"installed\":true,\"version\":\"3.18.1\",\"resolution\":\"C:\\\\Users\\\\Stephen\\\\WebstormProjects\\\\amazon-clone\\\\functions\\\\node_modules\\\\firebase-functions\\\\lib\\\\index.js\"}}"}}
[debug] [2022-03-03T21:19:56.757Z] [runtime-status] [9856] Resolved module firebase-functions {"declared":true,"installed":true,"version":"3.18.1","resolution":"C:\\Users\\Stephen\\WebstormProjects\\amazon-clone\\functions\\node_modules\\firebase-functions\\lib\\index.js"} {"metadata":{"emulator":{"name":"functions"},"function":{"name":"us-central1-api"},"message":"[runtime-status] [9856] Resolved module firebase-functions {\"declared\":true,\"installed\":true,\"version\":\"3.18.1\",\"resolution\":\"C:\\\\Users\\\\Stephen\\\\WebstormProjects\\\\amazon-clone\\\\functions\\\\node_modules\\\\firebase-functions\\\\lib\\\\index.js\"}"}}
[debug] [2022-03-03T21:19:56.758Z] [runtime-status] [9856] Resolved module firebase-admin {"declared":true,"installed":true,"version":"9.12.0","resolution":"C:\\Users\\Stephen\\WebstormProjects\\amazon-clone\\functions\\node_modules\\firebase-admin\\lib\\index.js"} {"metadata":{"emulator":{"name":"functions"},"function":{"name":"us-central1-api"},"message":"[runtime-status] [9856] Resolved module firebase-admin {\"declared\":true,\"installed\":true,\"version\":\"9.12.0\",\"resolution\":\"C:\\\\Users\\\\Stephen\\\\WebstormProjects\\\\amazon-clone\\\\functions\\\\node_modules\\\\firebase-admin\\\\lib\\\\index.js\"}"}}
[debug] [2022-03-03T21:19:56.760Z] [runtime-status] [9856] Resolved module firebase-functions {"declared":true,"installed":true,"version":"3.18.1","resolution":"C:\\Users\\Stephen\\WebstormProjects\\amazon-clone\\functions\\node_modules\\firebase-functions\\lib\\index.js"} {"metadata":{"emulator":{"name":"functions"},"function":{"name":"us-central1-api"},"message":"[runtime-status] [9856] Resolved module firebase-functions {\"declared\":true,\"installed\":true,\"version\":\"3.18.1\",\"resolution\":\"C:\\\\Users\\\\Stephen\\\\WebstormProjects\\\\amazon-clone\\\\functions\\\\node_modules\\\\firebase-functions\\\\lib\\\\index.js\"}"}}
[debug] [2022-03-03T21:19:56.760Z] [runtime-status] [9856] firebase-admin has been stubbed. {"adminResolution":{"declared":true,"installed":true,"version":"9.12.0","resolution":"C:\\Users\\Stephen\\WebstormProjects\\amazon-clone\\functions\\node_modules\\firebase-admin\\lib\\index.js"}} {"metadata":{"emulator":{"name":"functions"},"function":{"name":"us-central1-api"},"message":"[runtime-status] [9856] firebase-admin has been stubbed. {\"adminResolution\":{\"declared\":true,\"installed\":true,\"version\":\"9.12.0\",\"resolution\":\"C:\\\\Users\\\\Stephen\\\\WebstormProjects\\\\amazon-clone\\\\functions\\\\node_modules\\\\firebase-admin\\\\lib\\\\index.js\"}}"}}
[debug] [2022-03-03T21:19:57.004Z] [runtime-status] [9856] Beginning invocation function api! {"metadata":{"emulator":{"name":"functions"},"function":{"name":"us-central1-api"},"message":"[runtime-status] [9856] Beginning invocation function api!"}}
[info] i  functions: Beginning execution of "api" {"metadata":{"emulator":{"name":"functions"},"function":{"name":"us-central1-api"},"message":"Beginning execution of \"api\""}}
[debug] [2022-03-03T21:19:57.006Z] [runtime-status] [9856] Running api in signature http {"metadata":{"emulator":{"name":"functions"},"function":{"name":"us-central1-api"},"message":"[runtime-status] [9856] Running api in signature http"}}
[debug] [2022-03-03T21:19:57.011Z] [runtime-status] [9856] Attempting to listen to socketPath: \\?\pipe\C:\Users\Stephen\WebstormProjects\amazon-clone\functions\9856 {"metadata":{"emulator":{"name":"functions"},"function":{"name":"us-central1-api"},"message":"[runtime-status] [9856] Attempting to listen to socketPath: \\\\?\\pipe\\C:\\Users\\Stephen\\WebstormProjects\\amazon-clone\\functions\\9856"}}
[debug] [2022-03-03T21:19:57.017Z] [functions] Runtime ready! Sending request! {"metadata":{"emulator":{"name":"functions"},"message":"[functions] Runtime ready! Sending request!"}}
[debug] [2022-03-03T21:19:57.018Z] [functions] Got req.url=/clone-57593/us-central1/api, mapping to path=/ {"metadata":{"emulator":{"name":"functions"},"message":"[functions] Got req.url=/clone-57593/us-central1/api, mapping to path=/"}}
[debug] [2022-03-03T21:19:57.027Z] [runtime-status] [9856] Ephemeral server handling GET request {"metadata":{"emulator":{"name":"functions"},"function":{"name":"us-central1-api"},"message":"[runtime-status] [9856] Ephemeral server handling GET request"}}
[debug] [2022-03-03T21:19:57.033Z] [runtime-status] [9856] Ephemeral server survived. {"metadata":{"emulator":{"name":"functions"},"function":{"name":"us-central1-api"},"message":"[runtime-status] [9856] Ephemeral server survived."}}
[info] >  ReferenceError: res is not defined {"user":"ReferenceError: res is not defined","metadata":{"emulator":{"name":"functions"},"function":{"name":"us-central1-api"},"message":"\u001b[90m> \u001b[39m ReferenceError: res is not defined"}}
[info] >      at C:\Users\Stephen\WebstormProjects\amazon-clone\functions\index.js:17:53 {"user":"    at C:\\Users\\Stephen\\WebstormProjects\\amazon-clone\\functions\\index.js:17:53","metadata":{"emulator":{"name":"functions"},"function":{"name":"us-central1-api"},"message":"\u001b[90m> \u001b[39m     at C:\\Users\\Stephen\\WebstormProjects\\amazon-clone\\functions\\index.js:17:53"}}
[info] >      at Layer.handle [as handle_request] (C:\Users\Stephen\WebstormProjects\amazon-clone\functions\node_modules\express\lib\router\layer.js:95:5) {"user":"    at Layer.handle [as handle_request] (C:\\Users\\Stephen\\WebstormProjects\\amazon-clone\\functions\\node_modules\\express\\lib\\router\\layer.js:95:5)","metadata":{"emulator":{"name":"functions"},"function":{"name":"us-central1-api"},"message":"\u001b[90m> \u001b[39m     at Layer.handle [as handle_request] (C:\\Users\\Stephen\\WebstormProjects\\amazon-clone\\functions\\node_modules\\express\\lib\\router\\layer.js:95:5)"}}
[info] >      at next (C:\Users\Stephen\WebstormProjects\amazon-clone\functions\node_modules\express\lib\router\route.js:137:13) {"user":"    at next (C:\\Users\\Stephen\\WebstormProjects\\amazon-clone\\functions\\node_modules\\express\\lib\\router\\route.js:137:13)","metadata":{"emulator":{"name":"functions"},"function":{"name":"us-central1-api"},"message":"\u001b[90m> \u001b[39m     at next (C:\\Users\\Stephen\\WebstormProjects\\amazon-clone\\functions\\node_modules\\express\\lib\\router\\route.js:137:13)"}}
[info] >      at Route.dispatch (C:\Users\Stephen\WebstormProjects\amazon-clone\functions\node_modules\express\lib\router\route.js:112:3) {"user":"    at Route.dispatch (C:\\Users\\Stephen\\WebstormProjects\\amazon-clone\\functions\\node_modules\\express\\lib\\router\\route.js:112:3)","metadata":{"emulator":{"name":"functions"},"function":{"name":"us-central1-api"},"message":"\u001b[90m> \u001b[39m     at Route.dispatch (C:\\Users\\Stephen\\WebstormProjects\\amazon-clone\\functions\\node_modules\\express\\lib\\router\\route.js:112:3)"}}
[info] >      at Layer.handle [as handle_request] (C:\Users\Stephen\WebstormProjects\amazon-clone\functions\node_modules\express\lib\router\layer.js:95:5) {"user":"    at Layer.handle [as handle_request] (C:\\Users\\Stephen\\WebstormProjects\\amazon-clone\\functions\\node_modules\\express\\lib\\router\\layer.js:95:5)","metadata":{"emulator":{"name":"functions"},"function":{"name":"us-central1-api"},"message":"\u001b[90m> \u001b[39m     at Layer.handle [as handle_request] (C:\\Users\\Stephen\\WebstormProjects\\amazon-clone\\functions\\node_modules\\express\\lib\\router\\layer.js:95:5)"}}
[info] >      at C:\Users\Stephen\WebstormProjects\amazon-clone\functions\node_modules\express\lib\router\index.js:281:22 {"user":"    at C:\\Users\\Stephen\\WebstormProjects\\amazon-clone\\functions\\node_modules\\express\\lib\\router\\index.js:281:22","metadata":{"emulator":{"name":"functions"},"function":{"name":"us-central1-api"},"message":"\u001b[90m> \u001b[39m     at C:\\Users\\Stephen\\WebstormProjects\\amazon-clone\\functions\\node_modules\\express\\lib\\router\\index.js:281:22"}}
[info] >      at Function.process_params (C:\Users\Stephen\WebstormProjects\amazon-clone\functions\node_modules\express\lib\router\index.js:341:12) {"user":"    at Function.process_params (C:\\Users\\Stephen\\WebstormProjects\\amazon-clone\\functions\\node_modules\\express\\lib\\router\\index.js:341:12)","metadata":{"emulator":{"name":"functions"},"function":{"name":"us-central1-api"},"message":"\u001b[90m> \u001b[39m     at Function.process_params (C:\\Users\\Stephen\\WebstormProjects\\amazon-clone\\functions\\node_modules\\express\\lib\\router\\index.js:341:12)"}}
[info] >      at next (C:\Users\Stephen\WebstormProjects\amazon-clone\functions\node_modules\express\lib\router\index.js:275:10) {"user":"    at next (C:\\Users\\Stephen\\WebstormProjects\\amazon-clone\\functions\\node_modules\\express\\lib\\router\\index.js:275:10)","metadata":{"emulator":{"name":"functions"},"function":{"name":"us-central1-api"},"message":"\u001b[90m> \u001b[39m     at next (C:\\Users\\Stephen\\WebstormProjects\\amazon-clone\\functions\\node_modules\\express\\lib\\router\\index.js:275:10)"}}
[info] >      at jsonParser (C:\Users\Stephen\WebstormProjects\amazon-clone\functions\node_modules\body-parser\lib\types\json.js:110:7) {"user":"    at jsonParser (C:\\Users\\Stephen\\WebstormProjects\\amazon-clone\\functions\\node_modules\\body-parser\\lib\\types\\json.js:110:7)","metadata":{"emulator":{"name":"functions"},"function":{"name":"us-central1-api"},"message":"\u001b[90m> \u001b[39m     at jsonParser (C:\\Users\\Stephen\\WebstormProjects\\amazon-clone\\functions\\node_modules\\body-parser\\lib\\types\\json.js:110:7)"}}
[info] >      at Layer.handle [as handle_request] (C:\Users\Stephen\WebstormProjects\amazon-clone\functions\node_modules\express\lib\router\layer.js:95:5) {"user":"    at Layer.handle [as handle_request] (C:\\Users\\Stephen\\WebstormProjects\\amazon-clone\\functions\\node_modules\\express\\lib\\router\\layer.js:95:5)","metadata":{"emulator":{"name":"functions"},"function":{"name":"us-central1-api"},"message":"\u001b[90m> \u001b[39m     at Layer.handle [as handle_request] (C:\\Users\\Stephen\\WebstormProjects\\amazon-clone\\functions\\node_modules\\express\\lib\\router\\layer.js:95:5)"}}
[info] i  functions: Finished "api" in ~1s {"metadata":{"emulator":{"name":"functions"},"function":{"name":"us-central1-api"},"message":"Finished \"api\" in ~1s"}}
[debug] [2022-03-03T21:19:57.059Z] [worker-us-central1-api-9ac05b19-1931-41c9-8431-36e4ff1e730f]: IDLE {"metadata":{"emulator":{"name":"functions"},"message":"[worker-us-central1-api-9ac05b19-1931-41c9-8431-36e4ff1e730f]: IDLE"}}
[debug] [2022-03-03T21:19:57.060Z] [work-queue] {"queueLength":0,"workRunningCount":0}
[debug] [2022-03-03T21:20:03.979Z] File C:\Users\Stephen\WebstormProjects\amazon-clone\functions\index.js changed, reloading triggers {"metadata":{"emulator":{"name":"functions"},"message":"File C:\\Users\\Stephen\\WebstormProjects\\amazon-clone\\functions\\index.js changed, reloading triggers"}}
[debug] [2022-03-03T21:20:04.989Z] [worker-pool] Shutting down IDLE worker (us-central1-api) {"metadata":{"emulator":{"name":"functions"},"message":"[worker-pool] Shutting down IDLE worker (us-central1-api)"}}
[debug] [2022-03-03T21:20:04.989Z] [worker-us-central1-api-9ac05b19-1931-41c9-8431-36e4ff1e730f]: FINISHING {"metadata":{"emulator":{"name":"functions"},"message":"[worker-us-central1-api-9ac05b19-1931-41c9-8431-36e4ff1e730f]: FINISHING"}}
[debug] [2022-03-03T21:20:04.991Z] Validating nodejs source
[debug] [2022-03-03T21:20:08.558Z] > [functions] package.json contents: {
  "name": "functions",
  "description": "Cloud Functions for Firebase",
  "scripts": {
    "lint": "eslint .",
    "serve": "firebase emulators:start --only functions",
    "shell": "firebase functions:shell",
    "start": "npm run shell",
    "deploy": "firebase deploy --only functions",
    "logs": "firebase functions:log"
  },
  "engines": {
    "node": "16"
  },
  "main": "index.js",
  "dependencies": {
    "cors": "^2.8.5",
    "express": "^4.17.3",
    "firebase-admin": "^9.8.0",
    "firebase-functions": "^3.14.1",
    "stripe": "^8.207.0"
  },
  "devDependencies": {
    "eslint": "^7.6.0",
    "eslint-config-google": "^0.14.0",
    "firebase-functions-test": "^0.2.0"
  },
  "private": true
}
[debug] [2022-03-03T21:20:08.558Z] Building nodejs source
[debug] [2022-03-03T21:20:08.558Z] Analyzing nodejs backend spec
[debug] [2022-03-03T21:20:08.564Z] [worker-us-central1-api-9ac05b19-1931-41c9-8431-36e4ff1e730f]: exited {"metadata":{"emulator":{"name":"functions"},"message":"[worker-us-central1-api-9ac05b19-1931-41c9-8431-36e4ff1e730f]: exited"}}
[debug] [2022-03-03T21:20:08.565Z] [worker-us-central1-api-9ac05b19-1931-41c9-8431-36e4ff1e730f]: FINISHED {"metadata":{"emulator":{"name":"functions"},"message":"[worker-us-central1-api-9ac05b19-1931-41c9-8431-36e4ff1e730f]: FINISHED"}}
[debug] [2022-03-03T21:20:08.566Z] [work-queue] {"queueLength":1,"workRunningCount":0}
[debug] [2022-03-03T21:20:08.566Z] [work-queue] {"queueLength":0,"workRunningCount":1}
[debug] [2022-03-03T21:20:08.567Z] Accepted request GET /clone-57593/us-central1/api --> us-central1-api
[debug] [2022-03-03T21:20:08.567Z] [worker-pool] Cleaned up workers for us-central1-api: 1 --> 0 {"metadata":{"emulator":{"name":"functions"},"message":"[worker-pool] Cleaned up workers for us-central1-api: 1 --> 0"}}
[debug] [2022-03-03T21:20:08.573Z] [worker-pool] addWorker(us-central1-api) {"metadata":{"emulator":{"name":"functions"},"message":"[worker-pool] addWorker(us-central1-api)"}}
[debug] [2022-03-03T21:20:08.574Z] [worker-pool] Adding worker with key us-central1-api, total=1 {"metadata":{"emulator":{"name":"functions"},"message":"[worker-pool] Adding worker with key us-central1-api, total=1"}}
[debug] [2022-03-03T21:20:08.574Z] [worker-pool] submitWork(triggerId=us-central1-api) {"metadata":{"emulator":{"name":"functions"},"message":"[worker-pool] submitWork(triggerId=us-central1-api)"}}
[debug] [2022-03-03T21:20:08.574Z] [worker-us-central1-api-231a6672-1df6-482c-bc17-36dd7791e336]: Assigning socketPath: \\?\pipe\C:\Users\Stephen\WebstormProjects\amazon-clone\functions\7484 {"metadata":{"emulator":{"name":"functions"},"message":"[worker-us-central1-api-231a6672-1df6-482c-bc17-36dd7791e336]: Assigning socketPath: \\\\?\\pipe\\C:\\Users\\Stephen\\WebstormProjects\\amazon-clone\\functions\\7484"}}
[debug] [2022-03-03T21:20:08.574Z] [worker-us-central1-api-231a6672-1df6-482c-bc17-36dd7791e336]: BUSY {"metadata":{"emulator":{"name":"functions"},"message":"[worker-us-central1-api-231a6672-1df6-482c-bc17-36dd7791e336]: BUSY"}}
[debug] [2022-03-03T21:20:10.108Z] [runtime-status] [7484] Functions runtime initialized. {"cwd":"C:\\Users\\Stephen\\WebstormProjects\\amazon-clone\\functions","node_version":"16.13.1"} {"metadata":{"emulator":{"name":"functions"},"function":{"name":"us-central1-api"},"message":"[runtime-status] [7484] Functions runtime initialized. {\"cwd\":\"C:\\\\Users\\\\Stephen\\\\WebstormProjects\\\\amazon-clone\\\\functions\",\"node_version\":\"16.13.1\"}"}}
[debug] [2022-03-03T21:20:10.110Z] [runtime-status] [7484] Disabled runtime features: undefined {"metadata":{"emulator":{"name":"functions"},"function":{"name":"us-central1-api"},"message":"[runtime-status] [7484] Disabled runtime features: undefined"}}
[debug] [2022-03-03T21:20:10.113Z] [runtime-status] [7484] Resolved module firebase-admin {"declared":true,"installed":true,"version":"9.12.0","resolution":"C:\\Users\\Stephen\\WebstormProjects\\amazon-clone\\functions\\node_modules\\firebase-admin\\lib\\index.js"} {"metadata":{"emulator":{"name":"functions"},"function":{"name":"us-central1-api"},"message":"[runtime-status] [7484] Resolved module firebase-admin {\"declared\":true,\"installed\":true,\"version\":\"9.12.0\",\"resolution\":\"C:\\\\Users\\\\Stephen\\\\WebstormProjects\\\\amazon-clone\\\\functions\\\\node_modules\\\\firebase-admin\\\\lib\\\\index.js\"}"}}
[debug] [2022-03-03T21:20:10.116Z] [runtime-status] [7484] Resolved module firebase-functions {"declared":true,"installed":true,"version":"3.18.1","resolution":"C:\\Users\\Stephen\\WebstormProjects\\amazon-clone\\functions\\node_modules\\firebase-functions\\lib\\index.js"} {"metadata":{"emulator":{"name":"functions"},"function":{"name":"us-central1-api"},"message":"[runtime-status] [7484] Resolved module firebase-functions {\"declared\":true,\"installed\":true,\"version\":\"3.18.1\",\"resolution\":\"C:\\\\Users\\\\Stephen\\\\WebstormProjects\\\\amazon-clone\\\\functions\\\\node_modules\\\\firebase-functions\\\\lib\\\\index.js\"}"}}
[debug] [2022-03-03T21:20:10.116Z] [runtime-status] [7484] Outgoing network have been stubbed. [{"name":"http","status":"mocked"},{"name":"http","status":"mocked"},{"name":"https","status":"mocked"},{"name":"https","status":"mocked"},{"name":"net","status":"mocked"}] {"metadata":{"emulator":{"name":"functions"},"function":{"name":"us-central1-api"},"message":"[runtime-status] [7484] Outgoing network have been stubbed. [{\"name\":\"http\",\"status\":\"mocked\"},{\"name\":\"http\",\"status\":\"mocked\"},{\"name\":\"https\",\"status\":\"mocked\"},{\"name\":\"https\",\"status\":\"mocked\"},{\"name\":\"net\",\"status\":\"mocked\"}]"}}
[debug] [2022-03-03T21:20:10.117Z] [runtime-status] [7484] Resolved module firebase-functions {"declared":true,"installed":true,"version":"3.18.1","resolution":"C:\\Users\\Stephen\\WebstormProjects\\amazon-clone\\functions\\node_modules\\firebase-functions\\lib\\index.js"} {"metadata":{"emulator":{"name":"functions"},"function":{"name":"us-central1-api"},"message":"[runtime-status] [7484] Resolved module firebase-functions {\"declared\":true,\"installed\":true,\"version\":\"3.18.1\",\"resolution\":\"C:\\\\Users\\\\Stephen\\\\WebstormProjects\\\\amazon-clone\\\\functions\\\\node_modules\\\\firebase-functions\\\\lib\\\\index.js\"}"}}
[debug] [2022-03-03T21:20:10.179Z] [runtime-status] [7484] Checked functions.config() {"config":{}} {"metadata":{"emulator":{"name":"functions"},"function":{"name":"us-central1-api"},"message":"[runtime-status] [7484] Checked functions.config() {\"config\":{}}"}}
[debug] [2022-03-03T21:20:10.180Z] [runtime-status] [7484] firebase-functions has been stubbed. {"functionsResolution":{"declared":true,"installed":true,"version":"3.18.1","resolution":"C:\\Users\\Stephen\\WebstormProjects\\amazon-clone\\functions\\node_modules\\firebase-functions\\lib\\index.js"}} {"metadata":{"emulator":{"name":"functions"},"function":{"name":"us-central1-api"},"message":"[runtime-status] [7484] firebase-functions has been stubbed. {\"functionsResolution\":{\"declared\":true,\"installed\":true,\"version\":\"3.18.1\",\"resolution\":\"C:\\\\Users\\\\Stephen\\\\WebstormProjects\\\\amazon-clone\\\\functions\\\\node_modules\\\\firebase-functions\\\\lib\\\\index.js\"}}"}}
[debug] [2022-03-03T21:20:10.181Z] [runtime-status] [7484] Resolved module firebase-functions {"declared":true,"installed":true,"version":"3.18.1","resolution":"C:\\Users\\Stephen\\WebstormProjects\\amazon-clone\\functions\\node_modules\\firebase-functions\\lib\\index.js"} {"metadata":{"emulator":{"name":"functions"},"function":{"name":"us-central1-api"},"message":"[runtime-status] [7484] Resolved module firebase-functions {\"declared\":true,\"installed\":true,\"version\":\"3.18.1\",\"resolution\":\"C:\\\\Users\\\\Stephen\\\\WebstormProjects\\\\amazon-clone\\\\functions\\\\node_modules\\\\firebase-functions\\\\lib\\\\index.js\"}"}}
[debug] [2022-03-03T21:20:10.183Z] [runtime-status] [7484] Resolved module firebase-admin {"declared":true,"installed":true,"version":"9.12.0","resolution":"C:\\Users\\Stephen\\WebstormProjects\\amazon-clone\\functions\\node_modules\\firebase-admin\\lib\\index.js"} {"metadata":{"emulator":{"name":"functions"},"function":{"name":"us-central1-api"},"message":"[runtime-status] [7484] Resolved module firebase-admin {\"declared\":true,\"installed\":true,\"version\":\"9.12.0\",\"resolution\":\"C:\\\\Users\\\\Stephen\\\\WebstormProjects\\\\amazon-clone\\\\functions\\\\node_modules\\\\firebase-admin\\\\lib\\\\index.js\"}"}}
[debug] [2022-03-03T21:20:10.184Z] [runtime-status] [7484] Resolved module firebase-functions {"declared":true,"installed":true,"version":"3.18.1","resolution":"C:\\Users\\Stephen\\WebstormProjects\\amazon-clone\\functions\\node_modules\\firebase-functions\\lib\\index.js"} {"metadata":{"emulator":{"name":"functions"},"function":{"name":"us-central1-api"},"message":"[runtime-status] [7484] Resolved module firebase-functions {\"declared\":true,\"installed\":true,\"version\":\"3.18.1\",\"resolution\":\"C:\\\\Users\\\\Stephen\\\\WebstormProjects\\\\amazon-clone\\\\functions\\\\node_modules\\\\firebase-functions\\\\lib\\\\index.js\"}"}}
[debug] [2022-03-03T21:20:10.185Z] [runtime-status] [7484] firebase-admin has been stubbed. {"adminResolution":{"declared":true,"installed":true,"version":"9.12.0","resolution":"C:\\Users\\Stephen\\WebstormProjects\\amazon-clone\\functions\\node_modules\\firebase-admin\\lib\\index.js"}} {"metadata":{"emulator":{"name":"functions"},"function":{"name":"us-central1-api"},"message":"[runtime-status] [7484] firebase-admin has been stubbed. {\"adminResolution\":{\"declared\":true,\"installed\":true,\"version\":\"9.12.0\",\"resolution\":\"C:\\\\Users\\\\Stephen\\\\WebstormProjects\\\\amazon-clone\\\\functions\\\\node_modules\\\\firebase-admin\\\\lib\\\\index.js\"}}"}}
[debug] [2022-03-03T21:20:10.410Z] [runtime-status] [7484] Beginning invocation function api! {"metadata":{"emulator":{"name":"functions"},"function":{"name":"us-central1-api"},"message":"[runtime-status] [7484] Beginning invocation function api!"}}
[info] i  functions: Beginning execution of "api" {"metadata":{"emulator":{"name":"functions"},"function":{"name":"us-central1-api"},"message":"Beginning execution of \"api\""}}
[debug] [2022-03-03T21:20:10.411Z] [runtime-status] [7484] Running api in signature http {"metadata":{"emulator":{"name":"functions"},"function":{"name":"us-central1-api"},"message":"[runtime-status] [7484] Running api in signature http"}}
[debug] [2022-03-03T21:20:10.415Z] [runtime-status] [7484] Attempting to listen to socketPath: \\?\pipe\C:\Users\Stephen\WebstormProjects\amazon-clone\functions\7484 {"metadata":{"emulator":{"name":"functions"},"function":{"name":"us-central1-api"},"message":"[runtime-status] [7484] Attempting to listen to socketPath: \\\\?\\pipe\\C:\\Users\\Stephen\\WebstormProjects\\amazon-clone\\functions\\7484"}}
[debug] [2022-03-03T21:20:10.419Z] [functions] Runtime ready! Sending request! {"metadata":{"emulator":{"name":"functions"},"message":"[functions] Runtime ready! Sending request!"}}
[debug] [2022-03-03T21:20:10.420Z] [functions] Got req.url=/clone-57593/us-central1/api, mapping to path=/ {"metadata":{"emulator":{"name":"functions"},"message":"[functions] Got req.url=/clone-57593/us-central1/api, mapping to path=/"}}
[debug] [2022-03-03T21:20:10.425Z] [runtime-status] [7484] Ephemeral server handling GET request {"metadata":{"emulator":{"name":"functions"},"function":{"name":"us-central1-api"},"message":"[runtime-status] [7484] Ephemeral server handling GET request"}}
[debug] [2022-03-03T21:20:10.432Z] [runtime-status] [7484] Ephemeral server survived. {"metadata":{"emulator":{"name":"functions"},"function":{"name":"us-central1-api"},"message":"[runtime-status] [7484] Ephemeral server survived."}}
[info] i  functions: Finished "api" in ~1s {"metadata":{"emulator":{"name":"functions"},"function":{"name":"us-central1-api"},"message":"Finished \"api\" in ~1s"}}
[debug] [2022-03-03T21:20:10.438Z] [worker-us-central1-api-231a6672-1df6-482c-bc17-36dd7791e336]: IDLE {"metadata":{"emulator":{"name":"functions"},"message":"[worker-us-central1-api-231a6672-1df6-482c-bc17-36dd7791e336]: IDLE"}}
[debug] [2022-03-03T21:20:10.438Z] [work-queue] {"queueLength":0,"workRunningCount":0}
[debug] [2022-03-03T21:20:10.654Z] Functions emulator received unknown request at path /favicon.ico
[debug] [2022-03-03T22:01:55.551Z] File C:\Users\Stephen\WebstormProjects\amazon-clone\functions\index.js changed, reloading triggers {"metadata":{"emulator":{"name":"functions"},"message":"File C:\\Users\\Stephen\\WebstormProjects\\amazon-clone\\functions\\index.js changed, reloading triggers"}}
[debug] [2022-03-03T22:01:56.554Z] [worker-pool] Shutting down IDLE worker (us-central1-api) {"metadata":{"emulator":{"name":"functions"},"message":"[worker-pool] Shutting down IDLE worker (us-central1-api)"}}
[debug] [2022-03-03T22:01:56.555Z] [worker-us-central1-api-231a6672-1df6-482c-bc17-36dd7791e336]: FINISHING {"metadata":{"emulator":{"name":"functions"},"message":"[worker-us-central1-api-231a6672-1df6-482c-bc17-36dd7791e336]: FINISHING"}}
[debug] [2022-03-03T22:01:56.557Z] Validating nodejs source
[debug] [2022-03-03T22:02:07.741Z] > [functions] package.json contents: {
  "name": "functions",
  "description": "Cloud Functions for Firebase",
  "scripts": {
    "lint": "eslint .",
    "serve": "firebase emulators:start --only functions",
    "shell": "firebase functions:shell",
    "start": "npm run shell",
    "deploy": "firebase deploy --only functions",
    "logs": "firebase functions:log"
  },
  "engines": {
    "node": "16"
  },
  "main": "index.js",
  "dependencies": {
    "cors": "^2.8.5",
    "express": "^4.17.3",
    "firebase-admin": "^9.8.0",
    "firebase-functions": "^3.14.1",
    "stripe": "^8.207.0"
  },
  "devDependencies": {
    "eslint": "^7.6.0",
    "eslint-config-google": "^0.14.0",
    "firebase-functions-test": "^0.2.0"
  },
  "private": true
}
[debug] [2022-03-03T22:02:07.741Z] Building nodejs source
[debug] [2022-03-03T22:02:07.741Z] Analyzing nodejs backend spec
[debug] [2022-03-03T22:02:07.746Z] [worker-us-central1-api-231a6672-1df6-482c-bc17-36dd7791e336]: exited {"metadata":{"emulator":{"name":"functions"},"message":"[worker-us-central1-api-231a6672-1df6-482c-bc17-36dd7791e336]: exited"}}
[debug] [2022-03-03T22:02:07.747Z] [worker-us-central1-api-231a6672-1df6-482c-bc17-36dd7791e336]: FINISHED {"metadata":{"emulator":{"name":"functions"},"message":"[worker-us-central1-api-231a6672-1df6-482c-bc17-36dd7791e336]: FINISHED"}}
[debug] [2022-03-03T22:06:11.027Z] File C:\Users\Stephen\WebstormProjects\amazon-clone\functions\index.js changed, reloading triggers {"metadata":{"emulator":{"name":"functions"},"message":"File C:\\Users\\Stephen\\WebstormProjects\\amazon-clone\\functions\\index.js changed, reloading triggers"}}
[debug] [2022-03-03T22:06:12.043Z] Validating nodejs source
[debug] [2022-03-03T22:06:17.145Z] > [functions] package.json contents: {
  "name": "functions",
  "description": "Cloud Functions for Firebase",
  "scripts": {
    "lint": "eslint .",
    "serve": "firebase emulators:start --only functions",
    "shell": "firebase functions:shell",
    "start": "npm run shell",
    "deploy": "firebase deploy --only functions",
    "logs": "firebase functions:log"
  },
  "engines": {
    "node": "16"
  },
  "main": "index.js",
  "dependencies": {
    "cors": "^2.8.5",
    "express": "^4.17.3",
    "firebase-admin": "^9.8.0",
    "firebase-functions": "^3.14.1",
    "stripe": "^8.207.0"
  },
  "devDependencies": {
    "eslint": "^7.6.0",
    "eslint-config-google": "^0.14.0",
    "firebase-functions-test": "^0.2.0"
  },
  "private": true
}
[debug] [2022-03-03T22:06:17.146Z] Building nodejs source
[debug] [2022-03-03T22:06:17.146Z] Analyzing nodejs backend spec
